<?xml version="1.0" encoding="UTF-8"?>
<!-- Generated by org.testng.reporters.JUnitXMLReporter -->
<testsuite ignored="6" hostname="DESKTOP-D2JO09O" failures="0" tests="2" name="Test" time="0.086" errors="0" timestamp="2025-08-02T10:01:36 IST">
  <testcase classname="BaseTest.BaseClass" name="@BeforeClass beforeClass" time="-1.754109096654E9">
    <failure type="org.testng.TestNGException" message="
Parameter &amp;apos;BROWSER&amp;apos; is required by BeforeClass on method beforeClass but has not been marked @Optional or defined
in D:\Qspider\advanceselenium\NinzaCRMPractice\GroupSuite.xml">
      <![CDATA[org.testng.TestNGException: 
Parameter 'BROWSER' is required by BeforeClass on method beforeClass but has not been marked @Optional or defined
in D:\Qspider\advanceselenium\NinzaCRMPractice\GroupSuite.xml
at java.base/java.util.ArrayList.forEach(ArrayList.java:1597)
... Removed 22 stack frames]]>
    </failure>
  </testcase> <!-- @BeforeClass beforeClass -->
  <testcase classname="BaseTest.BaseClass" name="@BeforeMethod beforeMethod" time="0.0">
    <skipped/>
  </testcase> <!-- @BeforeMethod beforeMethod -->
  <testcase classname="BaseTest.BaseClass" name="@AfterMethod afterMethod" time="0.0">
    <skipped/>
  </testcase> <!-- @AfterMethod afterMethod -->
  <testcase classname="BaseTest.BaseClass" name="@BeforeMethod beforeMethod" time="0.0">
    <skipped/>
  </testcase> <!-- @BeforeMethod beforeMethod -->
  <testcase classname="BaseTest.BaseClass" name="@AfterMethod afterMethod" time="0.0">
    <skipped/>
  </testcase> <!-- @AfterMethod afterMethod -->
  <testcase classname="BaseTest.BaseClass" name="@AfterClass afterClass" time="0.0">
    <skipped/>
  </testcase> <!-- @AfterClass afterClass -->
  <testcase classname="CampaignTest.CampaignTest" name="toCreateCampaignWithMandatoryFieldsTest" time="0.001">
    <skipped/>
  </testcase> <!-- toCreateCampaignWithMandatoryFieldsTest -->
  <testcase classname="CampaignTest.CampaignTest" name="toCreateCampaignWithStatusTest" time="0.001">
    <skipped/>
  </testcase> <!-- toCreateCampaignWithStatusTest -->
  <testcase classname="BaseTest.BaseClass" name="@BeforeSuite beforeSuite" time="0.0">
    <ignored/>
  </testcase> <!-- @BeforeSuite beforeSuite -->
  <testcase classname="CampaignTest.CampaignTest" name="toCreateCampaignWithExpDateTest" time="0.0">
    <ignored/>
  </testcase> <!-- toCreateCampaignWithExpDateTest -->
  <testcase classname="ProductTest.ProductTest" name="toCreateProductTest" time="0.0">
    <ignored/>
  </testcase> <!-- toCreateProductTest -->
  <testcase classname="BaseTest.BaseClass" name="@AfterSuite afterSuite" time="0.0">
    <ignored/>
  </testcase> <!-- @AfterSuite afterSuite -->
  <testcase classname="BaseTest.BaseClass" name="@AfterTest afterTest" time="0.0">
    <ignored/>
  </testcase> <!-- @AfterTest afterTest -->
  <testcase classname="BaseTest.BaseClass" name="@BeforeTest beforeTest" time="0.0">
    <ignored/>
  </testcase> <!-- @BeforeTest beforeTest -->
</testsuite> <!-- Test -->
